[debug] [2021-06-21T07:53:15.500Z] ----------------------------------------------------------------------
[debug] [2021-06-21T07:53:15.502Z] Command:       C:\Program Files\nodejs\node.exe C:\Users\Witch\AppData\Roaming\npm\node_modules\firebase-tools\lib\bin\firebase.js init
[debug] [2021-06-21T07:53:15.502Z] CLI Version:   9.13.1
[debug] [2021-06-21T07:53:15.502Z] Platform:      win32
[debug] [2021-06-21T07:53:15.502Z] Node Version:  v12.18.0
[debug] [2021-06-21T07:53:15.503Z] Time:          Mon Jun 21 2021 09:53:15 GMT+0200 (GMT+02:00)
[debug] [2021-06-21T07:53:15.504Z] ----------------------------------------------------------------------
[debug] 
[debug] [2021-06-21T07:53:15.510Z] > command requires scopes: ["email","openid","https://www.googleapis.com/auth/cloudplatformprojects.readonly","https://www.googleapis.com/auth/firebase","https://www.googleapis.com/auth/cloud-platform"]
[debug] [2021-06-21T07:53:15.510Z] > authorizing via signed-in user (elektryk2020145@gmail.com)
[info] 
     ######## #### ########  ######## ########     ###     ######  ########
     ##        ##  ##     ## ##       ##     ##  ##   ##  ##       ##
     ######    ##  ########  ######   ########  #########  ######  ######
     ##        ##  ##    ##  ##       ##     ## ##     ##       ## ##
     ##       #### ##     ## ######## ########  ##     ##  ######  ########

You're about to initialize a Firebase project in this directory:

  C:\Users\Witch\IdeaProjects\untitled

Before we get started, keep in mind:

  * You are initializing within an existing Firebase project directory

[info] 
=== Project Setup
[info] 
[info] First, let's associate this project directory with a Firebase project.
[info] You can create multiple project aliases by running firebase use --add, 
[info] but for now we'll just set up a default project.
[info] 
[info] i  .firebaserc already has a default project, using projektmagazyn-5b9d7. 
[debug] [2021-06-21T07:53:28.493Z] >>> [apiv2][query] GET https://firebase.googleapis.com/v1beta1/projects/projektmagazyn-5b9d7 [none]
[debug] [2021-06-21T07:53:28.858Z] <<< [apiv2][status] GET https://firebase.googleapis.com/v1beta1/projects/projektmagazyn-5b9d7 403
[debug] [2021-06-21T07:53:28.858Z] <<< [apiv2][body] GET https://firebase.googleapis.com/v1beta1/projects/projektmagazyn-5b9d7 {"error":{"code":403,"message":"The caller does not have permission","status":"PERMISSION_DENIED"}}
[debug] [2021-06-21T07:53:28.859Z] HTTP Error: 403, The caller does not have permission
[debug] [2021-06-21T07:53:29.016Z] FirebaseError: HTTP Error: 403, The caller does not have permission
    at module.exports (C:\Users\Witch\AppData\Roaming\npm\node_modules\firebase-tools\lib\responseToError.js:38:12)
    at Client.doRequest (C:\Users\Witch\AppData\Roaming\npm\node_modules\firebase-tools\lib\apiv2.js:238:23)
    at processTicksAndRejections (internal/process/task_queues.js:97:5)
    at async Client.request (C:\Users\Witch\AppData\Roaming\npm\node_modules\firebase-tools\lib\apiv2.js:96:20)
    at async Object.getFirebaseProject (C:\Users\Witch\AppData\Roaming\npm\node_modules\firebase-tools\lib\management\projects.js:290:21)
    at async Object.doSetup [as project] (C:\Users\Witch\AppData\Roaming\npm\node_modules\firebase-tools\lib\init\features\project.js:77:27)
    at async init (C:\Users\Witch\AppData\Roaming\npm\node_modules\firebase-tools\lib\init\index.js:19:9)
[error] 
[error] Error: Failed to get Firebase project projektmagazyn-5b9d7. Please make sure the project exists and your account has permission to access it.
